This is pdfeTeXk, Version 3.141592-1.20a-2.2 (Web2c 7.5.3) (format=latex 2011.9.6)  6 SEP 2011 14:51
 Source specials enabled.
 %&-line parsing enabled.
**&latex Problems_2011_09_06.tex
(./Problems_2011_09_06.tex
LaTeX2e <2005/12/01>
(./Header.tex
(c:/Program Files (x86)/PCTeX/PCTeXv6/texmf-dist/tex/latex/base/article.cls
Document Class: article 2005/09/16 v1.4f Standard LaTeX document class
(c:/Program Files (x86)/PCTeX/PCTeXv6/texmf-dist/tex/latex/base/size12.clo
File: size12.clo 2005/09/16 v1.4f Standard LaTeX file (size option)
)
\c@part=\count79
\c@section=\count80
\c@subsection=\count81
\c@subsubsection=\count82
\c@paragraph=\count83
\c@subparagraph=\count84
\c@figure=\count85
\c@table=\count86
\abovecaptionskip=\skip41
\belowcaptionskip=\skip42
\bibindent=\dimen102
)
(c:/Program Files (x86)/PCTeX/PCTeXv6/texmf-dist/tex/latex/eepic/epic.sty
Enhancements to Picture Environment. Version 1.2 - Released June 1, 1986
\@@multicnt=\count87
\d@lta=\count88
\@delta=\dimen103
\@@delta=\dimen104
\@gridcnt=\count89
\@joinkind=\count90
\@dotgap=\dimen105
\@ddotgap=\dimen106
\@x@diff=\count91
\@y@diff=\count92
\x@diff=\dimen107
\y@diff=\dimen108
\@dotbox=\box26
\num@segments=\count93
\num@segmentsi=\count94
\@datafile=\read1
) (c:/Program Files (x86)/PCTeX/PCTeXv6/texmf-dist/tex/latex/eepic/eepic.sty
Extension to Epic and LaTeX. Version 1.1e - Released Dec 21, 1999
\@gphlinewidth=\count95
\@eepictcnt=\count96
\@tempdimc=\dimen109
\maxovaldiam=\dimen110
\@filltype=\box27
)
(c:/Program Files (x86)/PCTeX/PCTeXv6/texmf-dist/tex/latex/amsmath/amsmath.sty
Package: amsmath 2000/07/18 v2.13 AMS math features
\@mathmargin=\skip43

For additional information on amsmath, use the `?' option.
(c:/Program Files (x86)/PCTeX/PCTeXv6/texmf-dist/tex/latex/amsmath/amstext.sty
Package: amstext 2000/06/29 v2.01

(c:/Program Files (x86)/PCTeX/PCTeXv6/texmf-dist/tex/latex/amsmath/amsgen.sty
File: amsgen.sty 1999/11/30 v2.0
\@emptytoks=\toks14
\ex@=\dimen111
)) (c:/Program Files (x86)/PCTeX/PCTeXv6/texmf-dist/tex/latex/amsmath/amsbsy.st
y
Package: amsbsy 1999/11/29 v1.2d
\pmbraise@=\dimen112
) (c:/Program Files (x86)/PCTeX/PCTeXv6/texmf-dist/tex/latex/amsmath/amsopn.sty
Package: amsopn 1999/12/14 v2.01 operator names
)
\inf@bad=\count97
LaTeX Info: Redefining \frac on input line 211.
\uproot@=\count98
\leftroot@=\count99
LaTeX Info: Redefining \overline on input line 307.
\classnum@=\count100
\DOTSCASE@=\count101
LaTeX Info: Redefining \ldots on input line 379.
LaTeX Info: Redefining \dots on input line 382.
LaTeX Info: Redefining \cdots on input line 467.
\Mathstrutbox@=\box28
\strutbox@=\box29
\big@size=\dimen113
LaTeX Font Info:    Redeclaring font encoding OML on input line 567.
LaTeX Font Info:    Redeclaring font encoding OMS on input line 568.
\macc@depth=\count102
\c@MaxMatrixCols=\count103
\dotsspace@=\muskip10
\c@parentequation=\count104
\dspbrk@lvl=\count105
\tag@help=\toks15
\row@=\count106
\column@=\count107
\maxfields@=\count108
\andhelp@=\toks16
\eqnshift@=\dimen114
\alignsep@=\dimen115
\tagshift@=\dimen116
\tagwidth@=\dimen117
\totwidth@=\dimen118
\lineht@=\dimen119
\@envbody=\toks17
\multlinegap=\skip44
\multlinetaggap=\skip45
\mathdisplay@stack=\toks18
LaTeX Info: Redefining \[ on input line 2666.
LaTeX Info: Redefining \] on input line 2667.
) (c:/Program Files (x86)/PCTeX/PCTeXv6/texmf-dist/tex/latex/amscls/amsthm.sty
Package: amsthm 2004/08/06 v2.20
\thm@style=\toks19
\thm@bodyfont=\toks20
\thm@headfont=\toks21
\thm@notefont=\toks22
\thm@headpunct=\toks23
\thm@preskip=\skip46
\thm@postskip=\skip47
\thm@headsep=\skip48
\dth@everypar=\toks24
)
(c:/Program Files (x86)/PCTeX/PCTeXv6/texmf-dist/tex/latex/amsfonts/amsfonts.st
y
Package: amsfonts 2001/10/25 v2.2f
\symAMSa=\mathgroup4
\symAMSb=\mathgroup5
LaTeX Font Info:    Overwriting math alphabet `\mathfrak' in version `bold'
(Font)                  U/euf/m/n --> U/euf/b/n on input line 132.
)
(c:/Program Files (x86)/PCTeX/PCTeXv6/texmf-dist/tex/latex/amsfonts/amssymb.sty
Package: amssymb 2002/01/22 v2.2d
)
(c:/Program Files (x86)/PCTeX/PCTeXv6/texmf-dist/tex/latex/jknapltx/mathrsfs.st
y
Package: mathrsfs 1996/01/01 Math RSFS package v1.0 (jk)
\symrsfs=\mathgroup6
) (./tweaklist.sty)
(c:/Program Files (x86)/PCTeX/PCTeXv6/texmf-dist/tex/latex/algorithms/algorithm
ic.sty
Package: algorithmic 2006/06/02

Document Style `algorithmic' - environment
(c:/Program Files (x86)/PCTeX/PCTeXv6/texmf-dist/tex/latex/base/ifthen.sty
Package: ifthen 2001/05/26 v1.1c Standard LaTeX ifthen package (DPC)
)
(c:/Program Files (x86)/PCTeX/PCTeXv6/texmf-dist/tex/latex/tools/calc.sty
Package: calc 2005/08/06 v4.2 Infix arithmetic (KKT,FJ)
\calc@Acount=\count109
\calc@Bcount=\count110
\calc@Adimen=\dimen120
\calc@Bdimen=\dimen121
\calc@Askip=\skip49
\calc@Bskip=\skip50
LaTeX Info: Redefining \setlength on input line 75.
LaTeX Info: Redefining \addtolength on input line 76.
\calc@Ccount=\count111
\calc@Cskip=\skip51
)
(c:/Program Files (x86)/PCTeX/PCTeXv6/texmf-dist/tex/latex/graphics/keyval.sty
Package: keyval 1999/03/16 v1.13 key=value parser (DPC)
\KV@toks@=\toks25
)
\c@ALC@line=\count112
\c@ALC@rem=\count113
\c@ALC@depth=\count114
\ALC@tlm=\skip52
\algorithmicindent=\skip53
)
(c:/Program Files (x86)/PCTeX/PCTeXv6/texmf-dist/tex/latex/algorithms/algorithm
.sty
Package: algorithm 

Document Style `algorithm' - floating environment
(c:/Program Files (x86)/PCTeX/PCTeXv6/texmf-dist/tex/latex/float/float.sty
Package: float 2001/11/08 v1.3d Float enhancements (AL)
\c@float@type=\count115
\float@exts=\toks26
\float@box=\box30
\@float@everytoks=\toks27
\@floatcapt=\box31
)
\@float@every@algorithm=\toks28
\c@algorithm=\count116
)
(c:/Program Files (x86)/PCTeX/PCTeXv6/texmf-dist/tex/latex/ltxmisc/ulem.sty
\UL@box=\box32
\UL@hyphenbox=\box33
\UL@skip=\skip54
\UL@hook=\toks29
\UL@pe=\count117
\UL@pixel=\dimen122
\ULC@box=\box34
Package: ulem 2000/05/26
\ULdepth=\dimen123
)
Style Option FULLPAGE Version 2 as of 15 Dec 1988
(./code.tex)
\c@prop=\count118
\c@lemma=\count119
\c@thm=\count120

(c:/Program Files (x86)/PCTeX/PCTeXv6/texmf-dist/tex/latex/graphics/graphicx.st
y
Package: graphicx 1999/02/16 v1.0f Enhanced LaTeX Graphics (DPC,SPQR)

(c:/Program Files (x86)/PCTeX/PCTeXv6/texmf-dist/tex/latex/graphics/graphics.st
y
Package: graphics 2006/02/20 v1.0o Standard LaTeX Graphics (DPC,SPQR)
 (c:/Program Files (x86)/PCTeX/PCTeXv6/texmf-dist/tex/latex/graphics/trig.sty
Package: trig 1999/03/16 v1.09 sin cos tan (DPC)
) (c:/Program Files (x86)/PCTeX/PCTeXv6/texmf-pti/tex/latex/graphics.cfg)
Package graphics Info: Driver file: pdftex.def on input line 90.

(c:/Program Files (x86)/PCTeX/PCTeXv6/texmf-dist/tex/latex/pdftex-def/pdftex.de
f
File: pdftex.def 2007/01/08 v0.04d Graphics/color for pdfTeX
\Gread@gobject=\count121
))
\Gin@req@height=\dimen124
\Gin@req@width=\dimen125
)
No file Problems_2011_09_06.aux.
\openout1 = `Problems_2011_09_06.aux'.

LaTeX Font Info:    Checking defaults for OML/cmm/m/it on input line 48.
LaTeX Font Info:    ... okay on input line 48.
LaTeX Font Info:    Checking defaults for T1/cmr/m/n on input line 48.
LaTeX Font Info:    ... okay on input line 48.
LaTeX Font Info:    Checking defaults for OT1/cmr/m/n on input line 48.
LaTeX Font Info:    ... okay on input line 48.
LaTeX Font Info:    Checking defaults for OMS/cmsy/m/n on input line 48.
LaTeX Font Info:    ... okay on input line 48.
LaTeX Font Info:    Checking defaults for OMX/cmex/m/n on input line 48.
LaTeX Font Info:    ... okay on input line 48.
LaTeX Font Info:    Checking defaults for U/cmr/m/n on input line 48.
LaTeX Font Info:    ... okay on input line 48.
\boxlength=\skip55
)
LaTeX Font Info:    Try loading font information for U+msa on input line 5.
 (c:/Program Files (x86)/PCTeX/PCTeXv6/texmf-dist/tex/latex/amsfonts/umsa.fd
File: umsa.fd 2002/01/19 v2.2g AMS font definitions
)
LaTeX Font Info:    Try loading font information for U+msb on input line 5.

(c:/Program Files (x86)/PCTeX/PCTeXv6/texmf-dist/tex/latex/amsfonts/umsb.fd
File: umsb.fd 2002/01/19 v2.2g AMS font definitions
)
LaTeX Font Info:    Try loading font information for U+rsfs on input line 5.

(c:/Program Files (x86)/PCTeX/PCTeXv6/texmf-dist/tex/latex/jknapltx/ursfs.fd
File: ursfs.fd 1998/03/24 rsfs font definition file (jk)
)
[1

{c:/Program Files (x86)/PCTeX/PCTeXv6/texmf-var/fonts/map/./pdftex.map}]
[2]
Overfull \hbox (45.78905pt too wide) in paragraph at lines 71--71
[]  \OT1/cmtt/m/n/12 // (1) what is the terminating condition? upon which, you 
output the numbers in ans[][] 
 []


Overfull \hbox (33.43904pt too wide) in paragraph at lines 71--71
[]  \OT1/cmtt/m/n/12 // (2) use 'used[]' array to check whether some number has
 already been used or not[] 
 []

[3] [4] [5] (./Footer.tex (./Problems_2011_09_06.aux) ) ) 
Here is how much of TeX's memory you used:
 2133 strings out of 95375
 26425 string characters out of 1187511
 1073578 words of memory out of 2500000
 5071 multiletter control sequences out of 10000+50000
 10581 words of font info for 42 fonts, out of 1000000 for 2000
 14 hyphenation exceptions out of 8191
 29i,5n,22p,258b,308s stack positions out of 5000i,500n,1000p,200000b,5000s
 34 PDF objects out of 300000
 0 named destinations out of 131072
 1 words of extra memory for PDF output out of 65536
<c:/Program Files (x86
)/PCTeX/PCTeXv6/texmf-dist/fonts/type1/bluesky/cm/cmr8.pfb><c:/Program Files (x
86)/PCTeX/PCTeXv6/texmf-dist/fonts/type1/bluesky/cm/cmsy10.pfb><c:/Program File
s (x86)/PCTeX/PCTeXv6/texmf-dist/fonts/type1/bluesky/cm/cmtt12.pfb><c:/Program 
Files (x86)/PCTeX/PCTeXv6/texmf-dist/fonts/type1/bluesky/cm/cmmi12.pfb><c:/Prog
ram Files (x86)/PCTeX/PCTeXv6/texmf-dist/fonts/type1/bluesky/cm/cmr12.pfb><c:/P
rogram Files (x86)/PCTeX/PCTeXv6/texmf-dist/fonts/type1/bluesky/cm/cmbx12.pfb>
Output written on Problems_2011_09_06.pdf (5 pages, 43755 bytes).
